This file contains any messages produced by compilers while
running configure, to aid debugging if configure makes a mistake.

It was created by ROPE configure 0.01, which was
generated by GNU Autoconf 2.68.  Invocation command line was

  $ ./configure 

## --------- ##
## Platform. ##
## --------- ##

hostname = DRYAD
uname -m = x86_64
uname -r = 3.1.5-1-ARCH
uname -s = Linux
uname -v = #1 SMP PREEMPT Sat Dec 10 14:43:09 CET 2011

/usr/bin/uname -p = unknown
/bin/uname -X     = unknown

/bin/arch              = x86_64
/usr/bin/arch -k       = unknown
/usr/convex/getsysinfo = unknown
/usr/bin/hostinfo      = unknown
/bin/machine           = unknown
/usr/bin/oslevel       = unknown
/bin/universe          = unknown

PATH: /usr/local/bin
PATH: /usr/bin
PATH: /bin
PATH: /usr/local/sbin
PATH: /usr/sbin
PATH: /sbin
PATH: /usr/bin/core_perl
PATH: /home/hubert/sh
PATH: /home/hubert/sh


## ----------- ##
## Core tests. ##
## ----------- ##

configure:2215: checking for a BSD-compatible install
configure:2283: result: /bin/install -c
configure:2294: checking whether build environment is sane
configure:2344: result: yes
configure:2485: checking for a thread-safe mkdir -p
configure:2524: result: /bin/mkdir -p
configure:2537: checking for gawk
configure:2553: found /usr/bin/gawk
configure:2564: result: gawk
configure:2575: checking whether make sets $(MAKE)
configure:2597: result: yes
configure:2727: checking for gcc
configure:2743: found /usr/bin/gcc
configure:2754: result: gcc
configure:2983: checking for C compiler version
configure:2992: gcc --version >&5
gcc (GCC) 4.6.2 20111125 (prerelease)
Copyright (C) 2011 Free Software Foundation, Inc.
This is free software; see the source for copying conditions.  There is NO
warranty; not even for MERCHANTABILITY or FITNESS FOR A PARTICULAR PURPOSE.

configure:3003: $? = 0
configure:2992: gcc -v >&5
Using built-in specs.
COLLECT_GCC=gcc
COLLECT_LTO_WRAPPER=/usr/lib/gcc/x86_64-unknown-linux-gnu/4.6.2/lto-wrapper
Target: x86_64-unknown-linux-gnu
Configured with: /build/src/gcc-4.6-20111125/configure --prefix=/usr --libdir=/usr/lib --libexecdir=/usr/lib --mandir=/usr/share/man --infodir=/usr/share/info --with-bugurl=https://bugs.archlinux.org/ --enable-languages=c,c++,ada,fortran,go,lto,objc,obj-c++ --enable-shared --enable-threads=posix --with-system-zlib --enable-__cxa_atexit --disable-libunwind-exceptions --enable-clocale=gnu --enable-gnu-unique-object --enable-linker-build-id --with-ppl --enable-cloog-backend=isl --enable-lto --enable-gold --enable-ld=default --enable-plugin --with-plugin-ld=ld.gold --enable-multilib --disable-libssp --disable-libstdcxx-pch --enable-checking=release --with-fpmath=sse
Thread model: posix
gcc version 4.6.2 20111125 (prerelease) (GCC) 
configure:3003: $? = 0
configure:2992: gcc -V >&5
gcc: error: unrecognized option '-V'
gcc: fatal error: no input files
compilation terminated.
configure:3003: $? = 1
configure:2992: gcc -qversion >&5
gcc: error: unrecognized option '-qversion'
gcc: fatal error: no input files
compilation terminated.
configure:3003: $? = 1
configure:3023: checking whether the C compiler works
configure:3045: gcc    conftest.c  >&5
configure:3049: $? = 0
configure:3097: result: yes
configure:3100: checking for C compiler default output file name
configure:3102: result: a.out
configure:3108: checking for suffix of executables
configure:3115: gcc -o conftest    conftest.c  >&5
configure:3119: $? = 0
configure:3141: result: 
configure:3163: checking whether we are cross compiling
configure:3171: gcc -o conftest    conftest.c  >&5
configure:3175: $? = 0
configure:3182: ./conftest
configure:3186: $? = 0
configure:3201: result: no
configure:3206: checking for suffix of object files
configure:3228: gcc -c   conftest.c >&5
configure:3232: $? = 0
configure:3253: result: o
configure:3257: checking whether we are using the GNU C compiler
configure:3276: gcc -c   conftest.c >&5
configure:3276: $? = 0
configure:3285: result: yes
configure:3294: checking whether gcc accepts -g
configure:3314: gcc -c -g  conftest.c >&5
configure:3314: $? = 0
configure:3355: result: yes
configure:3372: checking for gcc option to accept ISO C89
configure:3436: gcc  -c -g -O2  conftest.c >&5
configure:3436: $? = 0
configure:3449: result: none needed
configure:3480: checking for style of include used by make
configure:3508: result: GNU
configure:3533: checking dependency style of gcc
configure:3643: result: gcc3
configure:3662: checking for ev_timer_again in -lev
configure:3687: gcc -o conftest -g -O2   conftest.c -lev   >&5
configure:3687: $? = 0
configure:3696: result: yes
configure:3708: checking for floor in -lm
configure:3733: gcc -o conftest -g -O2   conftest.c -lm  -lev  >&5
conftest.c:19:6: warning: conflicting types for built-in function 'floor' [enabled by default]
configure:3733: $? = 0
configure:3742: result: yes
configure:3754: checking for new_menu in -lmenu
configure:3779: gcc -o conftest -g -O2   conftest.c -lmenu  -lm -lev  >&5
configure:3779: $? = 0
configure:3788: result: yes
configure:3800: checking for newwin in -lncursesw
configure:3825: gcc -o conftest -g -O2   conftest.c -lncursesw  -lmenu -lm -lev  >&5
configure:3825: $? = 0
configure:3834: result: yes
configure:3846: checking for new_panel in -lpanel
configure:3871: gcc -o conftest -g -O2   conftest.c -lpanel  -lncursesw -lmenu -lm -lev  >&5
configure:3871: $? = 0
configure:3880: result: yes
configure:3892: checking for pthread_join in -lpthread
configure:3917: gcc -o conftest -g -O2   conftest.c -lpthread  -lpanel -lncursesw -lmenu -lm -lev  >&5
configure:3917: $? = 0
configure:3926: result: yes
configure:3944: checking how to run the C preprocessor
configure:3975: gcc -E  conftest.c
configure:3975: $? = 0
configure:3989: gcc -E  conftest.c
conftest.c:17:28: fatal error: ac_nonexistent.h: No such file or directory
compilation terminated.
configure:3989: $? = 1
configure: failed program was:
| /* confdefs.h */
| #define PACKAGE_NAME "ROPE"
| #define PACKAGE_TARNAME "rope"
| #define PACKAGE_VERSION "0.01"
| #define PACKAGE_STRING "ROPE 0.01"
| #define PACKAGE_BUGREPORT "flip@flop.org"
| #define PACKAGE_URL ""
| #define PACKAGE "ROPE"
| #define VERSION "0.01"
| #define HAVE_LIBEV 1
| #define HAVE_LIBM 1
| #define HAVE_LIBMENU 1
| #define HAVE_LIBNCURSESW 1
| #define HAVE_LIBPANEL 1
| #define HAVE_LIBPTHREAD 1
| /* end confdefs.h.  */
| #include <ac_nonexistent.h>
configure:4014: result: gcc -E
configure:4034: gcc -E  conftest.c
configure:4034: $? = 0
configure:4048: gcc -E  conftest.c
conftest.c:17:28: fatal error: ac_nonexistent.h: No such file or directory
compilation terminated.
configure:4048: $? = 1
configure: failed program was:
| /* confdefs.h */
| #define PACKAGE_NAME "ROPE"
| #define PACKAGE_TARNAME "rope"
| #define PACKAGE_VERSION "0.01"
| #define PACKAGE_STRING "ROPE 0.01"
| #define PACKAGE_BUGREPORT "flip@flop.org"
| #define PACKAGE_URL ""
| #define PACKAGE "ROPE"
| #define VERSION "0.01"
| #define HAVE_LIBEV 1
| #define HAVE_LIBM 1
| #define HAVE_LIBMENU 1
| #define HAVE_LIBNCURSESW 1
| #define HAVE_LIBPANEL 1
| #define HAVE_LIBPTHREAD 1
| /* end confdefs.h.  */
| #include <ac_nonexistent.h>
configure:4077: checking for grep that handles long lines and -e
configure:4135: result: /bin/grep
configure:4140: checking for egrep
configure:4202: result: /bin/grep -E
configure:4207: checking for ANSI C header files
configure:4227: gcc -c -g -O2  conftest.c >&5
configure:4227: $? = 0
configure:4300: gcc -o conftest -g -O2   conftest.c -lpthread -lpanel -lncursesw -lmenu -lm -lev  >&5
configure:4300: $? = 0
configure:4300: ./conftest
configure:4300: $? = 0
configure:4311: result: yes
configure:4324: checking for sys/types.h
configure:4324: gcc -c -g -O2  conftest.c >&5
configure:4324: $? = 0
configure:4324: result: yes
configure:4324: checking for sys/stat.h
configure:4324: gcc -c -g -O2  conftest.c >&5
configure:4324: $? = 0
configure:4324: result: yes
configure:4324: checking for stdlib.h
configure:4324: gcc -c -g -O2  conftest.c >&5
configure:4324: $? = 0
configure:4324: result: yes
configure:4324: checking for string.h
configure:4324: gcc -c -g -O2  conftest.c >&5
configure:4324: $? = 0
configure:4324: result: yes
configure:4324: checking for memory.h
configure:4324: gcc -c -g -O2  conftest.c >&5
configure:4324: $? = 0
configure:4324: result: yes
configure:4324: checking for strings.h
configure:4324: gcc -c -g -O2  conftest.c >&5
configure:4324: $? = 0
configure:4324: result: yes
configure:4324: checking for inttypes.h
configure:4324: gcc -c -g -O2  conftest.c >&5
configure:4324: $? = 0
configure:4324: result: yes
configure:4324: checking for stdint.h
configure:4324: gcc -c -g -O2  conftest.c >&5
configure:4324: $? = 0
configure:4324: result: yes
configure:4324: checking for unistd.h
configure:4324: gcc -c -g -O2  conftest.c >&5
configure:4324: $? = 0
configure:4324: result: yes
configure:4339: checking locale.h usability
configure:4339: gcc -c -g -O2  conftest.c >&5
configure:4339: $? = 0
configure:4339: result: yes
configure:4339: checking locale.h presence
configure:4339: gcc -E  conftest.c
configure:4339: $? = 0
configure:4339: result: yes
configure:4339: checking for locale.h
configure:4339: result: yes
configure:4339: checking stddef.h usability
configure:4339: gcc -c -g -O2  conftest.c >&5
configure:4339: $? = 0
configure:4339: result: yes
configure:4339: checking stddef.h presence
configure:4339: gcc -E  conftest.c
configure:4339: $? = 0
configure:4339: result: yes
configure:4339: checking for stddef.h
configure:4339: result: yes
configure:4339: checking for stdlib.h
configure:4339: result: yes
configure:4339: checking for string.h
configure:4339: result: yes
configure:4339: checking for unistd.h
configure:4339: result: yes
configure:4339: checking wchar.h usability
configure:4339: gcc -c -g -O2  conftest.c >&5
configure:4339: $? = 0
configure:4339: result: yes
configure:4339: checking wchar.h presence
configure:4339: gcc -E  conftest.c
configure:4339: $? = 0
configure:4339: result: yes
configure:4339: checking for wchar.h
configure:4339: result: yes
configure:4351: checking for stdbool.h that conforms to C99
configure:4418: gcc -c -g -O2  conftest.c >&5
configure:4418: $? = 0
configure:4425: result: yes
configure:4427: checking for _Bool
configure:4427: gcc -c -g -O2  conftest.c >&5
configure:4427: $? = 0
configure:4427: gcc -c -g -O2  conftest.c >&5
conftest.c: In function 'main':
conftest.c:69:20: error: expected expression before ')' token
configure:4427: $? = 1
configure: failed program was:
| /* confdefs.h */
| #define PACKAGE_NAME "ROPE"
| #define PACKAGE_TARNAME "rope"
| #define PACKAGE_VERSION "0.01"
| #define PACKAGE_STRING "ROPE 0.01"
| #define PACKAGE_BUGREPORT "flip@flop.org"
| #define PACKAGE_URL ""
| #define PACKAGE "ROPE"
| #define VERSION "0.01"
| #define HAVE_LIBEV 1
| #define HAVE_LIBM 1
| #define HAVE_LIBMENU 1
| #define HAVE_LIBNCURSESW 1
| #define HAVE_LIBPANEL 1
| #define HAVE_LIBPTHREAD 1
| #define STDC_HEADERS 1
| #define HAVE_SYS_TYPES_H 1
| #define HAVE_SYS_STAT_H 1
| #define HAVE_STDLIB_H 1
| #define HAVE_STRING_H 1
| #define HAVE_MEMORY_H 1
| #define HAVE_STRINGS_H 1
| #define HAVE_INTTYPES_H 1
| #define HAVE_STDINT_H 1
| #define HAVE_UNISTD_H 1
| #define HAVE_LOCALE_H 1
| #define HAVE_STDDEF_H 1
| #define HAVE_STDLIB_H 1
| #define HAVE_STRING_H 1
| #define HAVE_UNISTD_H 1
| #define HAVE_WCHAR_H 1
| /* end confdefs.h.  */
| #include <stdio.h>
| #ifdef HAVE_SYS_TYPES_H
| # include <sys/types.h>
| #endif
| #ifdef HAVE_SYS_STAT_H
| # include <sys/stat.h>
| #endif
| #ifdef STDC_HEADERS
| # include <stdlib.h>
| # include <stddef.h>
| #else
| # ifdef HAVE_STDLIB_H
| #  include <stdlib.h>
| # endif
| #endif
| #ifdef HAVE_STRING_H
| # if !defined STDC_HEADERS && defined HAVE_MEMORY_H
| #  include <memory.h>
| # endif
| # include <string.h>
| #endif
| #ifdef HAVE_STRINGS_H
| # include <strings.h>
| #endif
| #ifdef HAVE_INTTYPES_H
| # include <inttypes.h>
| #endif
| #ifdef HAVE_STDINT_H
| # include <stdint.h>
| #endif
| #ifdef HAVE_UNISTD_H
| # include <unistd.h>
| #endif
| int
| main ()
| {
| if (sizeof ((_Bool)))
| 	    return 0;
|   ;
|   return 0;
| }
configure:4427: result: yes
configure:4443: checking for inline
configure:4459: gcc -c -g -O2  conftest.c >&5
configure:4459: $? = 0
configure:4467: result: inline
configure:4485: checking for size_t
configure:4485: gcc -c -g -O2  conftest.c >&5
configure:4485: $? = 0
configure:4485: gcc -c -g -O2  conftest.c >&5
conftest.c: In function 'main':
conftest.c:71:21: error: expected expression before ')' token
configure:4485: $? = 1
configure: failed program was:
| /* confdefs.h */
| #define PACKAGE_NAME "ROPE"
| #define PACKAGE_TARNAME "rope"
| #define PACKAGE_VERSION "0.01"
| #define PACKAGE_STRING "ROPE 0.01"
| #define PACKAGE_BUGREPORT "flip@flop.org"
| #define PACKAGE_URL ""
| #define PACKAGE "ROPE"
| #define VERSION "0.01"
| #define HAVE_LIBEV 1
| #define HAVE_LIBM 1
| #define HAVE_LIBMENU 1
| #define HAVE_LIBNCURSESW 1
| #define HAVE_LIBPANEL 1
| #define HAVE_LIBPTHREAD 1
| #define STDC_HEADERS 1
| #define HAVE_SYS_TYPES_H 1
| #define HAVE_SYS_STAT_H 1
| #define HAVE_STDLIB_H 1
| #define HAVE_STRING_H 1
| #define HAVE_MEMORY_H 1
| #define HAVE_STRINGS_H 1
| #define HAVE_INTTYPES_H 1
| #define HAVE_STDINT_H 1
| #define HAVE_UNISTD_H 1
| #define HAVE_LOCALE_H 1
| #define HAVE_STDDEF_H 1
| #define HAVE_STDLIB_H 1
| #define HAVE_STRING_H 1
| #define HAVE_UNISTD_H 1
| #define HAVE_WCHAR_H 1
| #define HAVE__BOOL 1
| #define HAVE_STDBOOL_H 1
| /* end confdefs.h.  */
| #include <stdio.h>
| #ifdef HAVE_SYS_TYPES_H
| # include <sys/types.h>
| #endif
| #ifdef HAVE_SYS_STAT_H
| # include <sys/stat.h>
| #endif
| #ifdef STDC_HEADERS
| # include <stdlib.h>
| # include <stddef.h>
| #else
| # ifdef HAVE_STDLIB_H
| #  include <stdlib.h>
| # endif
| #endif
| #ifdef HAVE_STRING_H
| # if !defined STDC_HEADERS && defined HAVE_MEMORY_H
| #  include <memory.h>
| # endif
| # include <string.h>
| #endif
| #ifdef HAVE_STRINGS_H
| # include <strings.h>
| #endif
| #ifdef HAVE_INTTYPES_H
| # include <inttypes.h>
| #endif
| #ifdef HAVE_STDINT_H
| # include <stdint.h>
| #endif
| #ifdef HAVE_UNISTD_H
| # include <unistd.h>
| #endif
| int
| main ()
| {
| if (sizeof ((size_t)))
| 	    return 0;
|   ;
|   return 0;
| }
configure:4485: result: yes
configure:4500: checking for stdlib.h
configure:4500: result: yes
configure:4510: checking for GNU libc compatible malloc
configure:4534: gcc -o conftest -g -O2   conftest.c -lpthread -lpanel -lncursesw -lmenu -lm -lev  >&5
configure:4534: $? = 0
configure:4534: ./conftest
configure:4534: $? = 0
configure:4544: result: yes
configure:4567: checking for setlocale
configure:4567: gcc -o conftest -g -O2   conftest.c -lpthread -lpanel -lncursesw -lmenu -lm -lev  >&5
configure:4567: $? = 0
configure:4567: result: yes
configure:4745: creating ./config.status

## ---------------------- ##
## Running config.status. ##
## ---------------------- ##

This file was extended by ROPE config.status 0.01, which was
generated by GNU Autoconf 2.68.  Invocation command line was

  CONFIG_FILES    = 
  CONFIG_HEADERS  = 
  CONFIG_LINKS    = 
  CONFIG_COMMANDS = 
  $ ./config.status 

on DRYAD

config.status:786: creating Makefile
config.status:786: creating src/Makefile
config.status:958: executing depfiles commands

## ---------------- ##
## Cache variables. ##
## ---------------- ##

ac_cv_c_compiler_gnu=yes
ac_cv_c_inline=inline
ac_cv_env_CC_set=
ac_cv_env_CC_value=
ac_cv_env_CFLAGS_set=
ac_cv_env_CFLAGS_value=
ac_cv_env_CPPFLAGS_set=
ac_cv_env_CPPFLAGS_value=
ac_cv_env_CPP_set=
ac_cv_env_CPP_value=
ac_cv_env_LDFLAGS_set=
ac_cv_env_LDFLAGS_value=
ac_cv_env_LIBS_set=
ac_cv_env_LIBS_value=
ac_cv_env_build_alias_set=
ac_cv_env_build_alias_value=
ac_cv_env_host_alias_set=
ac_cv_env_host_alias_value=
ac_cv_env_target_alias_set=
ac_cv_env_target_alias_value=
ac_cv_func_malloc_0_nonnull=yes
ac_cv_func_setlocale=yes
ac_cv_header_inttypes_h=yes
ac_cv_header_locale_h=yes
ac_cv_header_memory_h=yes
ac_cv_header_stdbool_h=yes
ac_cv_header_stdc=yes
ac_cv_header_stddef_h=yes
ac_cv_header_stdint_h=yes
ac_cv_header_stdlib_h=yes
ac_cv_header_string_h=yes
ac_cv_header_strings_h=yes
ac_cv_header_sys_stat_h=yes
ac_cv_header_sys_types_h=yes
ac_cv_header_unistd_h=yes
ac_cv_header_wchar_h=yes
ac_cv_lib_ev_ev_timer_again=yes
ac_cv_lib_m_floor=yes
ac_cv_lib_menu_new_menu=yes
ac_cv_lib_ncursesw_newwin=yes
ac_cv_lib_panel_new_panel=yes
ac_cv_lib_pthread_pthread_join=yes
ac_cv_objext=o
ac_cv_path_EGREP='/bin/grep -E'
ac_cv_path_GREP=/bin/grep
ac_cv_path_install='/bin/install -c'
ac_cv_path_mkdir=/bin/mkdir
ac_cv_prog_AWK=gawk
ac_cv_prog_CPP='gcc -E'
ac_cv_prog_ac_ct_CC=gcc
ac_cv_prog_cc_c89=
ac_cv_prog_cc_g=yes
ac_cv_prog_make_make_set=yes
ac_cv_type__Bool=yes
ac_cv_type_size_t=yes
am_cv_CC_dependencies_compiler_type=gcc3

## ----------------- ##
## Output variables. ##
## ----------------- ##

ACLOCAL='${SHELL} /home/hubert/DORK/missing --run aclocal-1.11'
AMDEPBACKSLASH='\'
AMDEP_FALSE='#'
AMDEP_TRUE=''
AMTAR='${SHELL} /home/hubert/DORK/missing --run tar'
AUTOCONF='${SHELL} /home/hubert/DORK/missing --run autoconf'
AUTOHEADER='${SHELL} /home/hubert/DORK/missing --run autoheader'
AUTOMAKE='${SHELL} /home/hubert/DORK/missing --run automake-1.11'
AWK='gawk'
CC='gcc'
CCDEPMODE='depmode=gcc3'
CFLAGS='-g -O2'
CPP='gcc -E'
CPPFLAGS=''
CYGPATH_W='echo'
DEFS='-DPACKAGE_NAME=\"ROPE\" -DPACKAGE_TARNAME=\"rope\" -DPACKAGE_VERSION=\"0.01\" -DPACKAGE_STRING=\"ROPE\ 0.01\" -DPACKAGE_BUGREPORT=\"flip@flop.org\" -DPACKAGE_URL=\"\" -DPACKAGE=\"ROPE\" -DVERSION=\"0.01\" -DHAVE_LIBEV=1 -DHAVE_LIBM=1 -DHAVE_LIBMENU=1 -DHAVE_LIBNCURSESW=1 -DHAVE_LIBPANEL=1 -DHAVE_LIBPTHREAD=1 -DSTDC_HEADERS=1 -DHAVE_SYS_TYPES_H=1 -DHAVE_SYS_STAT_H=1 -DHAVE_STDLIB_H=1 -DHAVE_STRING_H=1 -DHAVE_MEMORY_H=1 -DHAVE_STRINGS_H=1 -DHAVE_INTTYPES_H=1 -DHAVE_STDINT_H=1 -DHAVE_UNISTD_H=1 -DHAVE_LOCALE_H=1 -DHAVE_STDDEF_H=1 -DHAVE_STDLIB_H=1 -DHAVE_STRING_H=1 -DHAVE_UNISTD_H=1 -DHAVE_WCHAR_H=1 -DHAVE__BOOL=1 -DHAVE_STDBOOL_H=1 -DHAVE_STDLIB_H=1 -DHAVE_MALLOC=1 -DHAVE_SETLOCALE=1'
DEPDIR='.deps'
ECHO_C=''
ECHO_N='-n'
ECHO_T=''
EGREP='/bin/grep -E'
EXEEXT=''
GREP='/bin/grep'
INSTALL_DATA='${INSTALL} -m 644'
INSTALL_PROGRAM='${INSTALL}'
INSTALL_SCRIPT='${INSTALL}'
INSTALL_STRIP_PROGRAM='$(install_sh) -c -s'
LDFLAGS=''
LIBOBJS=''
LIBS='-lpthread -lpanel -lncursesw -lmenu -lm -lev '
LTLIBOBJS=''
MAKEINFO='${SHELL} /home/hubert/DORK/missing --run makeinfo'
MKDIR_P='/bin/mkdir -p'
OBJEXT='o'
PACKAGE='ROPE'
PACKAGE_BUGREPORT='flip@flop.org'
PACKAGE_NAME='ROPE'
PACKAGE_STRING='ROPE 0.01'
PACKAGE_TARNAME='rope'
PACKAGE_URL=''
PACKAGE_VERSION='0.01'
PATH_SEPARATOR=':'
SET_MAKE=''
SHELL='/bin/sh'
STRIP=''
VERSION='0.01'
ac_ct_CC='gcc'
am__EXEEXT_FALSE=''
am__EXEEXT_TRUE='#'
am__fastdepCC_FALSE='#'
am__fastdepCC_TRUE=''
am__include='include'
am__isrc=''
am__leading_dot='.'
am__quote=''
am__tar='${AMTAR} chof - "$$tardir"'
am__untar='${AMTAR} xf -'
bindir='${exec_prefix}/bin'
build_alias=''
datadir='${datarootdir}'
datarootdir='${prefix}/share'
docdir='${datarootdir}/doc/${PACKAGE_TARNAME}'
dvidir='${docdir}'
exec_prefix='${prefix}'
host_alias=''
htmldir='${docdir}'
includedir='${prefix}/include'
infodir='${datarootdir}/info'
install_sh='${SHELL} /home/hubert/DORK/install-sh'
libdir='${exec_prefix}/lib'
libexecdir='${exec_prefix}/libexec'
localedir='${datarootdir}/locale'
localstatedir='${prefix}/var'
mandir='${datarootdir}/man'
mkdir_p='/bin/mkdir -p'
oldincludedir='/usr/include'
pdfdir='${docdir}'
prefix='/usr/local'
program_transform_name='s,x,x,'
psdir='${docdir}'
sbindir='${exec_prefix}/sbin'
sharedstatedir='${prefix}/com'
sysconfdir='${prefix}/etc'
target_alias=''

## ----------- ##
## confdefs.h. ##
## ----------- ##

/* confdefs.h */
#define PACKAGE_NAME "ROPE"
#define PACKAGE_TARNAME "rope"
#define PACKAGE_VERSION "0.01"
#define PACKAGE_STRING "ROPE 0.01"
#define PACKAGE_BUGREPORT "flip@flop.org"
#define PACKAGE_URL ""
#define PACKAGE "ROPE"
#define VERSION "0.01"
#define HAVE_LIBEV 1
#define HAVE_LIBM 1
#define HAVE_LIBMENU 1
#define HAVE_LIBNCURSESW 1
#define HAVE_LIBPANEL 1
#define HAVE_LIBPTHREAD 1
#define STDC_HEADERS 1
#define HAVE_SYS_TYPES_H 1
#define HAVE_SYS_STAT_H 1
#define HAVE_STDLIB_H 1
#define HAVE_STRING_H 1
#define HAVE_MEMORY_H 1
#define HAVE_STRINGS_H 1
#define HAVE_INTTYPES_H 1
#define HAVE_STDINT_H 1
#define HAVE_UNISTD_H 1
#define HAVE_LOCALE_H 1
#define HAVE_STDDEF_H 1
#define HAVE_STDLIB_H 1
#define HAVE_STRING_H 1
#define HAVE_UNISTD_H 1
#define HAVE_WCHAR_H 1
#define HAVE__BOOL 1
#define HAVE_STDBOOL_H 1
#define HAVE_STDLIB_H 1
#define HAVE_MALLOC 1
#define HAVE_SETLOCALE 1

configure: exit 0
